<?xml version="1.0" encoding="UTF-8"?>
<!-- Generated by org.testng.reporters.JUnitReportReporter -->
<testsuite skipped="0" hostname="LAPTOP-6KSVJ6TI" name="org.practice.assignment.MakeMyTripDropDownHandle" tests="1" failures="0" timestamp="06 May 2020 02:37:47 GMT" time="12.253" errors="0">
  <testcase name="testMakeMyTripDropDownHandle" time="12.253" classname="org.practice.assignment.MakeMyTripDropDownHandle"/>
</testsuite> <!-- org.practice.assignment.MakeMyTripDropDownHandle -->
