<?xml version="1.0" encoding="UTF-8"?>
<!-- Generated by org.testng.reporters.JUnitReportReporter -->
<testsuite skipped="0" hostname="LAPTOP-6KSVJ6TI" name="enhance.selenium.practice.Sk" tests="1" failures="0" timestamp="12 Mar 2020 19:20:10 GMT" time="13.820" errors="0">
  <testcase name="met" time="13.820" classname="enhance.selenium.practice.Sk"/>
</testsuite> <!-- enhance.selenium.practice.Sk -->
