<?xml version="1.0" encoding="UTF-8"?>
<!-- Generated by org.testng.reporters.JUnitReportReporter -->
<testsuite skipped="0" hostname="LAPTOP-6KSVJ6TI" name="org.practice.assignment.MultipleWindowSwitchSpecificWindow" tests="1" failures="0" timestamp="06 May 2020 12:52:22 GMT" time="13.475" errors="0">
  <testcase name="testMultipleWindowSwitchSpecificWindow" time="13.475" classname="org.practice.assignment.MultipleWindowSwitchSpecificWindow"/>
</testsuite> <!-- org.practice.assignment.MultipleWindowSwitchSpecificWindow -->
