<?xml version="1.0" encoding="UTF-8"?>
<!-- Generated by org.testng.reporters.JUnitReportReporter -->
<testsuite skipped="0" hostname="LAPTOP-6KSVJ6TI" name="org.practice.assignment.FacebookSignUpPageAutomationTestNG" tests="1" failures="0" timestamp="05 May 2020 19:29:39 GMT" time="19.212" errors="0">
  <testcase name="facebookPageAutomation" time="19.212" classname="org.practice.assignment.FacebookSignUpPageAutomationTestNG"/>
</testsuite> <!-- org.practice.assignment.FacebookSignUpPageAutomationTestNG -->
