<?xml version="1.0" encoding="UTF-8"?>
<!-- Generated by org.testng.reporters.JUnitReportReporter -->
<testsuite skipped="0" hostname="LAPTOP-6KSVJ6TI" name="org.practice.assignment.demo" tests="1" failures="0" timestamp="06 May 2020 11:58:21 GMT" time="19.421" errors="0">
  <testcase name="testMultipleWindowSwitchSpecificWindow" time="19.421" classname="org.practice.assignment.demo"/>
</testsuite> <!-- org.practice.assignment.demo -->
