<?xml version="1.0" encoding="UTF-8"?>
<!-- Generated by org.testng.reporters.JUnitReportReporter -->
<testsuite skipped="0" hostname="LAPTOP-6KSVJ6TI" name="org.practice.assignment.MultipleWindowHandle" tests="1" failures="0" timestamp="06 May 2020 03:09:34 GMT" time="28.270" errors="0">
  <testcase name="testmultipleWindowHandle" time="28.270" classname="org.practice.assignment.MultipleWindowHandle"/>
</testsuite> <!-- org.practice.assignment.MultipleWindowHandle -->
